# JRE version: Java(TM) SE Runtime Environment (8.0_181-b13) (build 1.8.0_181-b13)
# Java VM: Java HotSpot(TM) 64-Bit Server VM (25.181-b13 mixed mode windows-amd64 compressed oops)
Heap:
 PSYoungGen      total 156160K, used 116303K [0x00000000e0000000, 0x00000000eab80000, 0x0000000100000000)
  eden space 140800K, 82% used [0x00000000e0000000,0x00000000e7193f58,0x00000000e8980000)
  from space 15360K, 0% used [0x00000000e9800000,0x00000000e9800000,0x00000000ea700000)
  to   space 14848K, 0% used [0x00000000e8980000,0x00000000e8980000,0x00000000e9800000)
 ParOldGen       total 114688K, used 35631K [0x00000000a0000000, 0x00000000a7000000, 0x00000000e0000000)
  object space 114688K, 31% used [0x00000000a0000000,0x00000000a22cbe30,0x00000000a7000000)
 Metaspace       used 62443K, capacity 64764K, committed 64896K, reserved 1105920K
  class space    used 8800K, capacity 9318K, committed 9344K, reserved 1048576K
GC Heap History (10 events):
Event: 27.352 GC heap before
{Heap before GC invocations=15 (full 2):
 PSYoungGen      total 99328K, used 90624K [0x00000000e0000000, 0x00000000e6980000, 0x0000000100000000)
  eden space 90624K, 100% used [0x00000000e0000000,0x00000000e5880000,0x00000000e5880000)
  from space 8704K, 0% used [0x00000000e6100000,0x00000000e6100000,0x00000000e6980000)
  to   space 8704K, 0% used [0x00000000e5880000,0x00000000e5880000,0x00000000e6100000)
 ParOldGen       total 71680K, used 16262K [0x00000000a0000000, 0x00000000a4600000, 0x00000000e0000000)
  object space 71680K, 22% used [0x00000000a0000000,0x00000000a0fe19f0,0x00000000a4600000)
 Metaspace       used 44008K, capacity 44952K, committed 45312K, reserved 1087488K
  class space    used 6054K, capacity 6303K, committed 6400K, reserved 1048576K
Event: 27.370 GC heap after
Heap after GC invocations=15 (full 2):
 PSYoungGen      total 99328K, used 8675K [0x00000000e0000000, 0x00000000e8300000, 0x0000000100000000)
  eden space 90624K, 0% used [0x00000000e0000000,0x00000000e0000000,0x00000000e5880000)
  from space 8704K, 99% used [0x00000000e5880000,0x00000000e60f8ee8,0x00000000e6100000)
  to   space 10752K, 0% used [0x00000000e7880000,0x00000000e7880000,0x00000000e8300000)
 ParOldGen       total 71680K, used 19408K [0x00000000a0000000, 0x00000000a4600000, 0x00000000e0000000)
  object space 71680K, 27% used [0x00000000a0000000,0x00000000a12f4138,0x00000000a4600000)
 Metaspace       used 44008K, capacity 44952K, committed 45312K, reserved 1087488K
  class space    used 6054K, capacity 6303K, committed 6400K, reserved 1048576K
}
Event: 30.492 GC heap before
{Heap before GC invocations=16 (full 2):
 PSYoungGen      total 99328K, used 99299K [0x00000000e0000000, 0x00000000e8300000, 0x0000000100000000)
  eden space 90624K, 100% used [0x00000000e0000000,0x00000000e5880000,0x00000000e5880000)
  from space 8704K, 99% used [0x00000000e5880000,0x00000000e60f8ee8,0x00000000e6100000)
  to   space 10752K, 0% used [0x00000000e7880000,0x00000000e7880000,0x00000000e8300000)
 ParOldGen       total 71680K, used 19408K [0x00000000a0000000, 0x00000000a4600000, 0x00000000e0000000)
  object space 71680K, 27% used [0x00000000a0000000,0x00000000a12f4138,0x00000000a4600000)
 Metaspace       used 46875K, capacity 48086K, committed 48384K, reserved 1091584K
  class space    used 6453K, capacity 6825K, committed 6912K, reserved 1048576K
Event: 30.530 GC heap after
Heap after GC invocations=16 (full 2):
 PSYoungGen      total 122880K, used 8547K [0x00000000e0000000, 0x00000000e8400000, 0x0000000100000000)
  eden space 112128K, 0% used [0x00000000e0000000,0x00000000e0000000,0x00000000e6d80000)
  from space 10752K, 79% used [0x00000000e7880000,0x00000000e80d8f28,0x00000000e8300000)
  to   space 11264K, 0% used [0x00000000e6d80000,0x00000000e6d80000,0x00000000e7880000)
 ParOldGen       total 71680K, used 24630K [0x00000000a0000000, 0x00000000a4600000, 0x00000000e0000000)
  object space 71680K, 34% used [0x00000000a0000000,0x00000000a180d8e0,0x00000000a4600000)
 Metaspace       used 46875K, capacity 48086K, committed 48384K, reserved 1091584K
  class space    used 6453K, capacity 6825K, committed 6912K, reserved 1048576K
}
Event: 34.312 GC heap before
{Heap before GC invocations=17 (full 2):
 PSYoungGen      total 122880K, used 120675K [0x00000000e0000000, 0x00000000e8400000, 0x0000000100000000)
  eden space 112128K, 100% used [0x00000000e0000000,0x00000000e6d80000,0x00000000e6d80000)
  from space 10752K, 79% used [0x00000000e7880000,0x00000000e80d8f28,0x00000000e8300000)
  to   space 11264K, 0% used [0x00000000e6d80000,0x00000000e6d80000,0x00000000e7880000)
 ParOldGen       total 71680K, used 24630K [0x00000000a0000000, 0x00000000a4600000, 0x00000000e0000000)
  object space 71680K, 34% used [0x00000000a0000000,0x00000000a180d8e0,0x00000000a4600000)
 Metaspace       used 55666K, capacity 57480K, committed 57600K, reserved 1099776K
  class space    used 7714K, capacity 8192K, committed 8192K, reserved 1048576K
Event: 34.364 GC heap after
Heap after GC invocations=17 (full 2):
 PSYoungGen      total 123392K, used 11238K [0x00000000e0000000, 0x00000000ea700000, 0x0000000100000000)
  eden space 112128K, 0% used [0x00000000e0000000,0x00000000e0000000,0x00000000e6d80000)
  from space 11264K, 99% used [0x00000000e6d80000,0x00000000e7879ac8,0x00000000e7880000)
  to   space 15360K, 0% used [0x00000000e9800000,0x00000000e9800000,0x00000000ea700000)
 ParOldGen       total 71680K, used 31784K [0x00000000a0000000, 0x00000000a4600000, 0x00000000e0000000)
  object space 71680K, 44% used [0x00000000a0000000,0x00000000a1f0a398,0x00000000a4600000)
 Metaspace       used 55666K, capacity 57480K, committed 57600K, reserved 1099776K
  class space    used 7714K, capacity 8192K, committed 8192K, reserved 1048576K
}
Event: 35.813 GC heap before
{Heap before GC invocations=18 (full 2):
 PSYoungGen      total 123392K, used 65833K [0x00000000e0000000, 0x00000000ea700000, 0x0000000100000000)
  eden space 112128K, 48% used [0x00000000e0000000,0x00000000e3550970,0x00000000e6d80000)
  from space 11264K, 99% used [0x00000000e6d80000,0x00000000e7879ac8,0x00000000e7880000)
  to   space 15360K, 0% used [0x00000000e9800000,0x00000000e9800000,0x00000000ea700000)
 ParOldGen       total 71680K, used 31784K [0x00000000a0000000, 0x00000000a4600000, 0x00000000e0000000)
  object space 71680K, 44% used [0x00000000a0000000,0x00000000a1f0a398,0x00000000a4600000)
 Metaspace       used 57346K, capacity 59120K, committed 59136K, reserved 1099776K
  class space    used 7996K, capacity 8437K, committed 8448K, reserved 1048576K
Event: 35.862 GC heap after
Heap after GC invocations=18 (full 2):
 PSYoungGen      total 156160K, used 4881K [0x00000000e0000000, 0x00000000eab80000, 0x0000000100000000)
  eden space 140800K, 0% used [0x00000000e0000000,0x00000000e0000000,0x00000000e8980000)
  from space 15360K, 31% used [0x00000000e9800000,0x00000000e9cc4720,0x00000000ea700000)
  to   space 14848K, 0% used [0x00000000e8980000,0x00000000e8980000,0x00000000e9800000)
 ParOldGen       total 71680K, used 42860K [0x00000000a0000000, 0x00000000a4600000, 0x00000000e0000000)
  object space 71680K, 59% used [0x00000000a0000000,0x00000000a29db3d8,0x00000000a4600000)
 Metaspace       used 57346K, capacity 59120K, committed 59136K, reserved 1099776K
  class space    used 7996K, capacity 8437K, committed 8448K, reserved 1048576K
}
Event: 35.862 GC heap before
{Heap before GC invocations=19 (full 3):
 PSYoungGen      total 156160K, used 4881K [0x00000000e0000000, 0x00000000eab80000, 0x0000000100000000)
  eden space 140800K, 0% used [0x00000000e0000000,0x00000000e0000000,0x00000000e8980000)
  from space 15360K, 31% used [0x00000000e9800000,0x00000000e9cc4720,0x00000000ea700000)
  to   space 14848K, 0% used [0x00000000e8980000,0x00000000e8980000,0x00000000e9800000)
 ParOldGen       total 71680K, used 42860K [0x00000000a0000000, 0x00000000a4600000, 0x00000000e0000000)
  object space 71680K, 59% used [0x00000000a0000000,0x00000000a29db3d8,0x00000000a4600000)
 Metaspace       used 57346K, capacity 59120K, committed 59136K, reserved 1099776K
  class space    used 7996K, capacity 8437K, committed 8448K, reserved 1048576K
Event: 36.338 GC heap after
Heap after GC invocations=19 (full 3):
 PSYoungGen      total 156160K, used 0K [0x00000000e0000000, 0x00000000eab80000, 0x0000000100000000)
  eden space 140800K, 0% used [0x00000000e0000000,0x00000000e0000000,0x00000000e8980000)
  from space 15360K, 0% used [0x00000000e9800000,0x00000000e9800000,0x00000000ea700000)
  to   space 14848K, 0% used [0x00000000e8980000,0x00000000e8980000,0x00000000e9800000)
 ParOldGen       total 114688K, used 35631K [0x00000000a0000000, 0x00000000a7000000, 0x00000000e0000000)
  object space 114688K, 31% used [0x00000000a0000000,0x00000000a22cbe30,0x00000000a7000000)
 Metaspace       used 57346K, capacity 59120K, committed 59136K, reserved 1099776K
  class space    used 7996K, capacity 8437K, committed 8448K, reserved 1048576K
}

