# JRE version: Java(TM) SE Runtime Environment (8.0_181-b13) (build 1.8.0_181-b13)
# Java VM: Java HotSpot(TM) 64-Bit Server VM (25.181-b13 mixed mode windows-amd64 compressed oops)
Heap:
 PSYoungGen      total 159232K, used 114611K [0x00000000e0000000, 0x00000000ece00000, 0x0000000100000000)
  eden space 144384K, 79% used [0x00000000e0000000,0x00000000e6fecf10,0x00000000e8d00000)
  from space 14848K, 0% used [0x00000000e8d00000,0x00000000e8d00000,0x00000000e9b80000)
  to   space 17920K, 0% used [0x00000000ebc80000,0x00000000ebc80000,0x00000000ece00000)
 ParOldGen       total 113664K, used 37667K [0x00000000a0000000, 0x00000000a6f00000, 0x00000000e0000000)
  object space 113664K, 33% used [0x00000000a0000000,0x00000000a24c8c18,0x00000000a6f00000)
 Metaspace       used 62426K, capacity 64798K, committed 64896K, reserved 1105920K
  class space    used 8805K, capacity 9328K, committed 9344K, reserved 1048576K
GC Heap History (10 events):
Event: 15.555 GC heap before
{Heap before GC invocations=12 (full 2):
 PSYoungGen      total 129536K, used 7594K [0x00000000e0000000, 0x00000000e9b00000, 0x0000000100000000)
  eden space 118272K, 0% used [0x00000000e0000000,0x00000000e0000000,0x00000000e7380000)
  from space 11264K, 67% used [0x00000000e7e80000,0x00000000e85ea878,0x00000000e8980000)
  to   space 11264K, 0% used [0x00000000e7380000,0x00000000e7380000,0x00000000e7e80000)
 ParOldGen       total 45568K, used 13763K [0x00000000a0000000, 0x00000000a2c80000, 0x00000000e0000000)
  object space 45568K, 30% used [0x00000000a0000000,0x00000000a0d70e00,0x00000000a2c80000)
 Metaspace       used 34597K, capacity 35410K, committed 35496K, reserved 1079296K
  class space    used 4846K, capacity 5103K, committed 5120K, reserved 1048576K
Event: 15.761 GC heap after
Heap after GC invocations=12 (full 2):
 PSYoungGen      total 129536K, used 0K [0x00000000e0000000, 0x00000000e9b00000, 0x0000000100000000)
  eden space 118272K, 0% used [0x00000000e0000000,0x00000000e0000000,0x00000000e7380000)
  from space 11264K, 0% used [0x00000000e7e80000,0x00000000e7e80000,0x00000000e8980000)
  to   space 11264K, 0% used [0x00000000e7380000,0x00000000e7380000,0x00000000e7e80000)
 ParOldGen       total 71168K, used 17830K [0x00000000a0000000, 0x00000000a4580000, 0x00000000e0000000)
  object space 71168K, 25% used [0x00000000a0000000,0x00000000a1169890,0x00000000a4580000)
 Metaspace       used 34597K, capacity 35410K, committed 35496K, reserved 1079296K
  class space    used 4846K, capacity 5103K, committed 5120K, reserved 1048576K
}
Event: 21.283 GC heap before
{Heap before GC invocations=13 (full 2):
 PSYoungGen      total 129536K, used 118272K [0x00000000e0000000, 0x00000000e9b00000, 0x0000000100000000)
  eden space 118272K, 100% used [0x00000000e0000000,0x00000000e7380000,0x00000000e7380000)
  from space 11264K, 0% used [0x00000000e7e80000,0x00000000e7e80000,0x00000000e8980000)
  to   space 11264K, 0% used [0x00000000e7380000,0x00000000e7380000,0x00000000e7e80000)
 ParOldGen       total 71168K, used 17830K [0x00000000a0000000, 0x00000000a4580000, 0x00000000e0000000)
  object space 71168K, 25% used [0x00000000a0000000,0x00000000a1169890,0x00000000a4580000)
 Metaspace       used 45847K, capacity 46866K, committed 47104K, reserved 1089536K
  class space    used 6273K, capacity 6550K, committed 6656K, reserved 1048576K
Event: 21.309 GC heap after
Heap after GC invocations=13 (full 2):
 PSYoungGen      total 129536K, used 11252K [0x00000000e0000000, 0x00000000eaa00000, 0x0000000100000000)
  eden space 118272K, 0% used [0x00000000e0000000,0x00000000e0000000,0x00000000e7380000)
  from space 11264K, 99% used [0x00000000e7380000,0x00000000e7e7d3e0,0x00000000e7e80000)
  to   space 13824K, 0% used [0x00000000e9c80000,0x00000000e9c80000,0x00000000eaa00000)
 ParOldGen       total 71168K, used 21367K [0x00000000a0000000, 0x00000000a4580000, 0x00000000e0000000)
  object space 71168K, 30% used [0x00000000a0000000,0x00000000a14ddc70,0x00000000a4580000)
 Metaspace       used 45847K, capacity 46866K, committed 47104K, reserved 1089536K
  class space    used 6273K, capacity 6550K, committed 6656K, reserved 1048576K
}
Event: 25.684 GC heap before
{Heap before GC invocations=14 (full 2):
 PSYoungGen      total 129536K, used 129524K [0x00000000e0000000, 0x00000000eaa00000, 0x0000000100000000)
  eden space 118272K, 100% used [0x00000000e0000000,0x00000000e7380000,0x00000000e7380000)
  from space 11264K, 99% used [0x00000000e7380000,0x00000000e7e7d3e0,0x00000000e7e80000)
  to   space 13824K, 0% used [0x00000000e9c80000,0x00000000e9c80000,0x00000000eaa00000)
 ParOldGen       total 71168K, used 21367K [0x00000000a0000000, 0x00000000a4580000, 0x00000000e0000000)
  object space 71168K, 30% used [0x00000000a0000000,0x00000000a14ddc70,0x00000000a4580000)
 Metaspace       used 52112K, capacity 53604K, committed 53760K, reserved 1095680K
  class space    used 7222K, capacity 7655K, committed 7680K, reserved 1048576K
Event: 25.718 GC heap after
Heap after GC invocations=14 (full 2):
 PSYoungGen      total 158208K, used 11500K [0x00000000e0000000, 0x00000000eaa00000, 0x0000000100000000)
  eden space 144384K, 0% used [0x00000000e0000000,0x00000000e0000000,0x00000000e8d00000)
  from space 13824K, 83% used [0x00000000e9c80000,0x00000000ea7bb2f8,0x00000000eaa00000)
  to   space 14848K, 0% used [0x00000000e8d00000,0x00000000e8d00000,0x00000000e9b80000)
 ParOldGen       total 71168K, used 27873K [0x00000000a0000000, 0x00000000a4580000, 0x00000000e0000000)
  object space 71168K, 39% used [0x00000000a0000000,0x00000000a1b387a8,0x00000000a4580000)
 Metaspace       used 52112K, capacity 53604K, committed 53760K, reserved 1095680K
  class space    used 7222K, capacity 7655K, committed 7680K, reserved 1048576K
}
Event: 30.472 GC heap before
{Heap before GC invocations=15 (full 2):
 PSYoungGen      total 158208K, used 125105K [0x00000000e0000000, 0x00000000eaa00000, 0x0000000100000000)
  eden space 144384K, 78% used [0x00000000e0000000,0x00000000e6ef14d8,0x00000000e8d00000)
  from space 13824K, 83% used [0x00000000e9c80000,0x00000000ea7bb2f8,0x00000000eaa00000)
  to   space 14848K, 0% used [0x00000000e8d00000,0x00000000e8d00000,0x00000000e9b80000)
 ParOldGen       total 71168K, used 27873K [0x00000000a0000000, 0x00000000a4580000, 0x00000000e0000000)
  object space 71168K, 39% used [0x00000000a0000000,0x00000000a1b387a8,0x00000000a4580000)
 Metaspace       used 57307K, capacity 59010K, committed 59136K, reserved 1099776K
  class space    used 7994K, capacity 8441K, committed 8448K, reserved 1048576K
Event: 30.515 GC heap after
Heap after GC invocations=15 (full 2):
 PSYoungGen      total 159232K, used 14840K [0x00000000e0000000, 0x00000000ece00000, 0x0000000100000000)
  eden space 144384K, 0% used [0x00000000e0000000,0x00000000e0000000,0x00000000e8d00000)
  from space 14848K, 99% used [0x00000000e8d00000,0x00000000e9b7e288,0x00000000e9b80000)
  to   space 17920K, 0% used [0x00000000ebc80000,0x00000000ebc80000,0x00000000ece00000)
 ParOldGen       total 71168K, used 30322K [0x00000000a0000000, 0x00000000a4580000, 0x00000000e0000000)
  object space 71168K, 42% used [0x00000000a0000000,0x00000000a1d9ca60,0x00000000a4580000)
 Metaspace       used 57307K, capacity 59010K, committed 59136K, reserved 1099776K
  class space    used 7994K, capacity 8441K, committed 8448K, reserved 1048576K
}
Event: 30.515 GC heap before
{Heap before GC invocations=16 (full 3):
 PSYoungGen      total 159232K, used 14840K [0x00000000e0000000, 0x00000000ece00000, 0x0000000100000000)
  eden space 144384K, 0% used [0x00000000e0000000,0x00000000e0000000,0x00000000e8d00000)
  from space 14848K, 99% used [0x00000000e8d00000,0x00000000e9b7e288,0x00000000e9b80000)
  to   space 17920K, 0% used [0x00000000ebc80000,0x00000000ebc80000,0x00000000ece00000)
 ParOldGen       total 71168K, used 30322K [0x00000000a0000000, 0x00000000a4580000, 0x00000000e0000000)
  object space 71168K, 42% used [0x00000000a0000000,0x00000000a1d9ca60,0x00000000a4580000)
 Metaspace       used 57307K, capacity 59010K, committed 59136K, reserved 1099776K
  class space    used 7994K, capacity 8441K, committed 8448K, reserved 1048576K
Event: 30.929 GC heap after
Heap after GC invocations=16 (full 3):
 PSYoungGen      total 159232K, used 0K [0x00000000e0000000, 0x00000000ece00000, 0x0000000100000000)
  eden space 144384K, 0% used [0x00000000e0000000,0x00000000e0000000,0x00000000e8d00000)
  from space 14848K, 0% used [0x00000000e8d00000,0x00000000e8d00000,0x00000000e9b80000)
  to   space 17920K, 0% used [0x00000000ebc80000,0x00000000ebc80000,0x00000000ece00000)
 ParOldGen       total 113664K, used 37667K [0x00000000a0000000, 0x00000000a6f00000, 0x00000000e0000000)
  object space 113664K, 33% used [0x00000000a0000000,0x00000000a24c8c18,0x00000000a6f00000)
 Metaspace       used 57307K, capacity 59010K, committed 59136K, reserved 1099776K
  class space    used 7994K, capacity 8441K, committed 8448K, reserved 1048576K
}

